#
# A fatal error has been detected by the Java Runtime Environment:
#
#  EXCEPTION_ACCESS_VIOLATION (0xc0000005) at pc=0x6dc7ff3f, pid=5844, tid=6848
#
# JRE version: 6.0_21-b07
# Java VM: Java HotSpot(TM) Server VM (17.0-b17 mixed mode windows-x86 )
# Problematic frame:
# V  [jvm.dll+0xfff3f]
#
# If you would like to submit a bug report, please visit:
#   http://java.sun.com/webapps/bugreport/crash.jsp
#

---------------  T H R E A D  ---------------

Current thread (0x019d4400):  GCTaskThread [stack: 0x01240000,0x01290000] [id=6848]

siginfo: ExceptionCode=0xc0000005, reading address 0x40000000

Registers:
EAX=0x40000000, EBX=0x01a495d8, ECX=0x01a495d8, EDX=0x293bf518
ESP=0x0128fbf0, EBP=0x0128fbf4, ESI=0x01a495d8, EDI=0x293bf554
EIP=0x6dc7ff3f, EFLAGS=0x00010206

Top of Stack: (sp=0x0128fbf0)
0x0128fbf0:   293bf518 0128fc0c 6de0279d 293bf518
0x0128fc00:   293bf508 293bf558 800c0c02 0128fc40
0x0128fc10:   6de31252 01a495d8 013bf508 01a495d8
0x0128fc20:   293bf500 00000000 293bf50b 00000001
0x0128fc30:   00000039 01a495d8 00000014 0028fc5c
0x0128fc40:   0128fc58 6de31419 27340a38 293bf501
0x0128fc50:   01a495d8 01a4962c 0128fc80 6de31c2a
0x0128fc60:   01a495d8 293bf501 00000006 01a495d8 

Instructions: (pc=0x6dc7ff3f)
0x6dc7ff2f:   00 55 8b ec 8b 55 08 85 d2 56 8b f1 74 52 8b 02
0x6dc7ff3f:   8b 08 83 e1 03 80 f9 03 75 3e 8a 0d 59 6b f5 6d 


Stack: [0x01240000,0x01290000],  sp=0x0128fbf0,  free space=13e0128f74ck
Native frames: (J=compiled Java code, j=interpreted, Vv=VM code, C=native code)
V  [jvm.dll+0xfff3f]
V  [jvm.dll+0x28279d]
V  [jvm.dll+0x2b1252]
V  [jvm.dll+0x2b1419]
V  [jvm.dll+0x2b1c2a]
V  [jvm.dll+0x2b3501]
V  [jvm.dll+0x15c39c]
V  [jvm.dll+0x28afdc]
C  [msvcr71.dll+0x9565]
C  [kernel32.dll+0x51194]
C  [ntdll.dll+0x5b429]
C  [ntdll.dll+0x5b3fc]


---------------  P R O C E S S  ---------------

Java Threads: ( => current thread )
  0x2d662c00 JavaThread "Thread-164" daemon [_thread_blocked, id=6408, stack(0x2d3e0000,0x2d430000)]
  0x2b9bcc00 JavaThread "Thread-11" daemon [_thread_blocked, id=5952, stack(0x2c380000,0x2c3d0000)]
  0x2b99a400 JavaThread "http-8080-Acceptor-0" daemon [_thread_in_native, id=6552, stack(0x2c330000,0x2c380000)]
  0x2cecac00 JavaThread "ContainerBackgroundProcessor[StandardEngine[Tomcat]]" daemon [_thread_blocked, id=3640, stack(0x2c2e0000,0x2c330000)]
  0x2c816c00 JavaThread "Store org.hibernate.cache.StandardQueryCache Spool Thread" daemon [_thread_blocked, id=2648, stack(0x2c180000,0x2c1d0000)]
  0x2b9a3c00 JavaThread "Store org.hibernate.cache.UpdateTimestampsCache Spool Thread" daemon [_thread_blocked, id=4340, stack(0x2c0c0000,0x2c110000)]
  0x2d25c800 JavaThread "net.sf.ehcache.CacheManager@1710c15" daemon [_thread_blocked, id=5804, stack(0x2bf00000,0x2bf50000)]
  0x2af28800 JavaThread "Low Memory Detector" daemon [_thread_blocked, id=6384, stack(0x2b1b0000,0x2b200000)]
  0x2af28400 JavaThread "CompilerThread1" daemon [_thread_blocked, id=3324, stack(0x2b160000,0x2b1b0000)]
  0x01ab0400 JavaThread "CompilerThread0" daemon [_thread_blocked, id=7588, stack(0x2b110000,0x2b160000)]
  0x01aaf000 JavaThread "Attach Listener" daemon [_thread_blocked, id=8020, stack(0x2aec0000,0x2af10000)]
  0x01aae400 JavaThread "Signal Dispatcher" daemon [_thread_blocked, id=4776, stack(0x2ae70000,0x2aec0000)]
  0x01a83400 JavaThread "Finalizer" daemon [_thread_blocked, id=7988, stack(0x2ae20000,0x2ae70000)]
  0x01a7d000 JavaThread "Reference Handler" daemon [_thread_blocked, id=4104, stack(0x2add0000,0x2ae20000)]
  0x01b79400 JavaThread "main" [_thread_blocked, id=7992, stack(0x00170000,0x001c0000)]

Other Threads:
  0x01a7a800 VMThread [stack: 0x2ad80000,0x2add0000] [id=7220]
  0x2af29800 WatcherThread [stack: 0x2b200000,0x2b250000] [id=7380]

=>0x019d4400 (exited) GCTaskThread [stack: 0x01240000,0x01290000] [id=6848]

VM state:at safepoint (normal execution)

VM Mutex/Monitor currently owned by a thread:  ([mutex/lock_event])
[0x01b77680] Threads_lock - owner thread: 0x01a7a800
[0x01b77a90] Heap_lock - owner thread: 0x2d662c00

Heap
 PSYoungGen      total 128960K, used 128907K [0x201a0000, 0x2ac40000, 0x2ac40000)
  eden space 99008K, 100% used [0x201a0000,0x26250000,0x26250000)
  from space 29952K, 99% used [0x26660000,0x28392dc0,0x283a0000)
  to   space 39232K, 44% used [0x285f0000,0x296dfad0,0x2ac40000)
 PSOldGen        total 94400K, used 59499K [0x0ac40000, 0x10870000, 0x201a0000)
  object space 94400K, 63% used [0x0ac40000,0x0e65af70,0x10870000)
 PSPermGen       total 72960K, used 37295K [0x04c40000, 0x09380000, 0x0ac40000)
  object space 72960K, 51% used [0x04c40000,0x070abcf8,0x09380000)

Dynamic libraries:
0x00400000 - 0x00424000 	C:\Program Files\Java\jdk1.6.0_21\bin\javaw.exe
0x76f40000 - 0x7707d000 	C:\Windows\SYSTEM32\ntdll.dll
0x76460000 - 0x76534000 	C:\Windows\system32\kernel32.dll
0x74a30000 - 0x74a7a000 	C:\Windows\system32\KERNELBASE.dll
0x76260000 - 0x76300000 	C:\Windows\system32\ADVAPI32.dll
0x75090000 - 0x7513c000 	C:\Windows\system32\msvcrt.dll
0x753e0000 - 0x753f9000 	C:\Windows\SYSTEM32\sechost.dll
0x75140000 - 0x751e1000 	C:\Windows\system32\RPCRT4.dll
0x75400000 - 0x754c9000 	C:\Windows\system32\USER32.dll
0x76580000 - 0x765ce000 	C:\Windows\system32\GDI32.dll
0x74ca0000 - 0x74caa000 	C:\Windows\system32\LPK.dll
0x752f0000 - 0x7538d000 	C:\Windows\system32\USP10.dll
0x754d0000 - 0x754ef000 	C:\Windows\system32\IMM32.DLL
0x74cb0000 - 0x74d7c000 	C:\Windows\system32\MSCTF.dll
0x7c340000 - 0x7c396000 	C:\Program Files\Java\jdk1.6.0_21\jre\bin\msvcr71.dll
0x6db80000 - 0x6dfc3000 	C:\Program Files\Java\jdk1.6.0_21\jre\bin\server\jvm.dll
0x72dd0000 - 0x72e02000 	C:\Windows\system32\WINMM.dll
0x74800000 - 0x7484b000 	C:\Windows\system32\apphelp.dll
0x6d860000 - 0x6d86c000 	C:\Program Files\Java\jdk1.6.0_21\jre\bin\verify.dll
0x6d3e0000 - 0x6d3ff000 	C:\Program Files\Java\jdk1.6.0_21\jre\bin\java.dll
0x6d340000 - 0x6d348000 	C:\Program Files\Java\jdk1.6.0_21\jre\bin\hpi.dll
0x77090000 - 0x77095000 	C:\Windows\system32\PSAPI.DLL
0x6d8a0000 - 0x6d8af000 	C:\Program Files\Java\jdk1.6.0_21\jre\bin\zip.dll
0x6d6c0000 - 0x6d6d3000 	C:\Program Files\Java\jdk1.6.0_21\jre\bin\net.dll
0x76540000 - 0x76575000 	C:\Windows\system32\WS2_32.dll
0x74c90000 - 0x74c96000 	C:\Windows\system32\NSI.dll
0x74340000 - 0x7437c000 	C:\Windows\system32\mswsock.dll
0x74330000 - 0x74336000 	C:\Windows\System32\wship6.dll
0x72c00000 - 0x72c10000 	C:\Windows\system32\NLAapi.dll
0x74200000 - 0x74244000 	C:\Windows\system32\DNSAPI.dll
0x6b540000 - 0x6b548000 	C:\Windows\System32\winrnr.dll
0x6b530000 - 0x6b540000 	C:\Windows\system32\napinsp.dll
0x6b510000 - 0x6b522000 	C:\Windows\system32\pnrpnsp.dll
0x6b500000 - 0x6b50d000 	C:\Windows\system32\wshbth.dll
0x6b600000 - 0x6b627000 	C:\Program Files\Common Files\Microsoft Shared\Windows Live\WLIDNSP.DLL
0x74c30000 - 0x74c87000 	C:\Windows\system32\SHLWAPI.dll
0x6b5d0000 - 0x6b5f5000 	C:\Program Files\Bonjour\mdnsNSP.dll
0x72510000 - 0x7252c000 	C:\Windows\system32\Iphlpapi.DLL
0x724f0000 - 0x724f7000 	C:\Windows\system32\WINNSI.DLL
0x73e20000 - 0x73e25000 	C:\Windows\System32\wshtcpip.dll
0x6b5c0000 - 0x6b5c6000 	C:\Windows\system32\rasadhlp.dll
0x71080000 - 0x710b8000 	C:\Windows\System32\fwpuclnt.dll
0x74380000 - 0x74396000 	C:\Windows\system32\CRYPTSP.dll
0x74120000 - 0x7415b000 	C:\Windows\system32\rsaenh.dll
0x73ef0000 - 0x73f07000 	C:\Windows\system32\USERENV.dll
0x748d0000 - 0x748db000 	C:\Windows\system32\profapi.dll
0x74850000 - 0x7485c000 	C:\Windows\system32\CRYPTBASE.dll
0x6d610000 - 0x6d619000 	C:\Program Files\Java\jdk1.6.0_21\jre\bin\management.dll

VM Arguments:
jvm_args: -Xmx512M -XX:MaxPermSize=96m -Dbase.dir=C:\Users\Brad_2\Documents\ibidemwork\GrailsAntTest -Dgrails.home=C:\grails\grails-1.3.7\ -Dfile.encoding=Cp1252 
java_command: org.codehaus.groovy.grails.cli.support.GrailsStarter --conf C:\grails\grails-1.3.7\conf\groovy-starter.conf --main org.codehaus.groovy.grails.cli.GrailsScriptRunner run-app
Launcher Type: SUN_STANDARD

Environment Variables:
JAVA_HOME=c:\Program Files\Java\jdk1.6.0_21
CLASSPATH=.;C:\Program Files\Java\jre6\lib\ext\QTJava.zip
PATH=C:\Program Files\Common Files\Microsoft Shared\Windows Live;C:\Windows\system32;C:\Windows;C:\Windows\System32\Wbem;C:\Windows\System32\WindowsPowerShell\v1.0\;C:\Program Files\MySQL\MySQL Server 5.1\bin;C:\Program Files\TortoiseSVN\bin;C:\Windows;C:\Windows\system32;C:\Windows\system32\Wbem;C:\Program Files\Windows Live\Shared;C:\Program Files\QuickTime\QTSystem\;C:\grails\grails-1.3.7\bin;C:\Program Files\MySQL\MySQL Server 5.5\bin;C:\Program Files\Pinnacle\Shared Files\;C:\Program Files\Pinnacle\Shared Files\Filter\;C:\Program Files\Microsoft ASP.NET\ASP.NET Web Pages\v1.0\;C:\Program Files\VMware\VMware OVF Tool\
USERNAME=Brad_2
OS=Windows_NT
PROCESSOR_IDENTIFIER=x86 Family 6 Model 23 Stepping 6, GenuineIntel



---------------  S Y S T E M  ---------------

OS: Windows 7 Build 7600 

CPU:total 2 (2 cores per cpu, 1 threads per core) family 6 model 23 stepping 6, cmov, cx8, fxsr, mmx, sse, sse2, sse3, ssse3, sse4.1

Memory: 4k page, physical 3088412k(729132k free), swap 5125528k(1459408k free)

vm_info: Java HotSpot(TM) Server VM (17.0-b17) for windows-x86 JRE (1.6.0_21-b07), built on Jul 17 2010 01:03:51 by "java_re" with MS VC++ 7.1 (VS2003)

time: Fri Jun 10 23:14:21 2011
elapsed time: 788 seconds

